This is pdfTeX, Version 3.141592653-2.6-1.40.22 (TeX Live 2021/W32TeX) (preloaded format=pdflatex 2021.4.22)  22 APR 2021 22:06
entering extended mode
 restricted \write18 enabled.
 %&-line parsing enabled.
**RMD_class_3_2.tex
(./RMD_class_3_2.tex
LaTeX2e <2020-10-01> patch level 4
L3 programming layer <2021-02-18>
(c:/Users/Divij Pherwani/AppData/Roaming/TinyTeX/texmf-dist/tex/latex/base/arti
cle.cls
Document Class: article 2020/04/10 v1.4m Standard LaTeX document class

(c:/Users/Divij Pherwani/AppData/Roaming/TinyTeX/texmf-dist/tex/latex/base/size
11.clo
File: size11.clo 2020/04/10 v1.4m Standard LaTeX file (size option)
)
\c@part=\count179
\c@section=\count180
\c@subsection=\count181
\c@subsubsection=\count182
\c@paragraph=\count183
\c@subparagraph=\count184
\c@figure=\count185
\c@table=\count186
\abovecaptionskip=\skip47
\belowcaptionskip=\skip48
\bibindent=\dimen138
)
(c:/Users/Divij Pherwani/AppData/Roaming/TinyTeX/texmf-dist/tex/latex/pgf/utili
ties/pgfpages.sty
Package: pgfpages 2011/01/05 ver 0.02

(c:/Users/Divij Pherwani/AppData/Roaming/TinyTeX/texmf-dist/tex/latex/pgf/basic
layer/pgfcore.sty
(c:/Users/Divij Pherwani/AppData/Roaming/TinyTeX/texmf-dist/tex/latex/graphics/
graphicx.sty
Package: graphicx 2020/09/09 v1.2b Enhanced LaTeX Graphics (DPC,SPQR)

(c:/Users/Divij Pherwani/AppData/Roaming/TinyTeX/texmf-dist/tex/latex/graphics/
keyval.sty
Package: keyval 2014/10/28 v1.15 key=value parser (DPC)
\KV@toks@=\toks15
)
(c:/Users/Divij Pherwani/AppData/Roaming/TinyTeX/texmf-dist/tex/latex/graphics/
graphics.sty
Package: graphics 2020/08/30 v1.4c Standard LaTeX Graphics (DPC,SPQR)

(c:/Users/Divij Pherwani/AppData/Roaming/TinyTeX/texmf-dist/tex/latex/graphics/
trig.sty
Package: trig 2016/01/03 v1.10 sin cos tan (DPC)
)
(c:/Users/Divij Pherwani/AppData/Roaming/TinyTeX/texmf-dist/tex/latex/graphics-
cfg/graphics.cfg
File: graphics.cfg 2016/06/04 v1.11 sample graphics configuration
)
Package graphics Info: Driver file: pdftex.def on input line 105.

(c:/Users/Divij Pherwani/AppData/Roaming/TinyTeX/texmf-dist/tex/latex/graphics-
def/pdftex.def
File: pdftex.def 2020/10/05 v1.2a Graphics/color driver for pdftex
))
\Gin@req@height=\dimen139
\Gin@req@width=\dimen140
)
(c:/Users/Divij Pherwani/AppData/Roaming/TinyTeX/texmf-dist/tex/latex/pgf/syste
mlayer/pgfsys.sty
(c:/Users/Divij Pherwani/AppData/Roaming/TinyTeX/texmf-dist/tex/latex/pgf/utili
ties/pgfrcs.sty
(c:/Users/Divij Pherwani/AppData/Roaming/TinyTeX/texmf-dist/tex/generic/pgf/uti
lities/pgfutil-common.tex
\pgfutil@everybye=\toks16
\pgfutil@tempdima=\dimen141
\pgfutil@tempdimb=\dimen142

(c:/Users/Divij Pherwani/AppData/Roaming/TinyTeX/texmf-dist/tex/generic/pgf/uti
lities/pgfutil-common-lists.tex))
(c:/Users/Divij Pherwani/AppData/Roaming/TinyTeX/texmf-dist/tex/generic/pgf/uti
lities/pgfutil-latex.def
\pgfutil@abb=\box47
)
(c:/Users/Divij Pherwani/AppData/Roaming/TinyTeX/texmf-dist/tex/generic/pgf/uti
lities/pgfrcs.code.tex
(c:/Users/Divij Pherwani/AppData/Roaming/TinyTeX/texmf-dist/tex/generic/pgf/pgf
.revision.tex)
Package: pgfrcs 2020/12/27 v3.1.8b (3.1.8b)
))
(c:/Users/Divij Pherwani/AppData/Roaming/TinyTeX/texmf-dist/tex/generic/pgf/sys
temlayer/pgfsys.code.tex
Package: pgfsys 2020/12/27 v3.1.8b (3.1.8b)

(c:/Users/Divij Pherwani/AppData/Roaming/TinyTeX/texmf-dist/tex/generic/pgf/uti
lities/pgfkeys.code.tex
\pgfkeys@pathtoks=\toks17
\pgfkeys@temptoks=\toks18

(c:/Users/Divij Pherwani/AppData/Roaming/TinyTeX/texmf-dist/tex/generic/pgf/uti
lities/pgfkeysfiltered.code.tex
\pgfkeys@tmptoks=\toks19
))
\pgf@x=\dimen143
\pgf@y=\dimen144
\pgf@xa=\dimen145
\pgf@ya=\dimen146
\pgf@xb=\dimen147
\pgf@yb=\dimen148
\pgf@xc=\dimen149
\pgf@yc=\dimen150
\pgf@xd=\dimen151
\pgf@yd=\dimen152
\w@pgf@writea=\write3
\r@pgf@reada=\read2
\c@pgf@counta=\count187
\c@pgf@countb=\count188
\c@pgf@countc=\count189
\c@pgf@countd=\count190
\t@pgf@toka=\toks20
\t@pgf@tokb=\toks21
\t@pgf@tokc=\toks22
\pgf@sys@id@count=\count191

(c:/Users/Divij Pherwani/AppData/Roaming/TinyTeX/texmf-dist/tex/generic/pgf/sys
temlayer/pgf.cfg
File: pgf.cfg 2020/12/27 v3.1.8b (3.1.8b)
)
Driver file for pgf: pgfsys-pdftex.def

(c:/Users/Divij Pherwani/AppData/Roaming/TinyTeX/texmf-dist/tex/generic/pgf/sys
temlayer/pgfsys-pdftex.def
File: pgfsys-pdftex.def 2020/12/27 v3.1.8b (3.1.8b)

(c:/Users/Divij Pherwani/AppData/Roaming/TinyTeX/texmf-dist/tex/generic/pgf/sys
temlayer/pgfsys-common-pdf.def
File: pgfsys-common-pdf.def 2020/12/27 v3.1.8b (3.1.8b)
)))
(c:/Users/Divij Pherwani/AppData/Roaming/TinyTeX/texmf-dist/tex/generic/pgf/sys
temlayer/pgfsyssoftpath.code.tex
File: pgfsyssoftpath.code.tex 2020/12/27 v3.1.8b (3.1.8b)
\pgfsyssoftpath@smallbuffer@items=\count192
\pgfsyssoftpath@bigbuffer@items=\count193
)
(c:/Users/Divij Pherwani/AppData/Roaming/TinyTeX/texmf-dist/tex/generic/pgf/sys
temlayer/pgfsysprotocol.code.tex
File: pgfsysprotocol.code.tex 2020/12/27 v3.1.8b (3.1.8b)
))
(c:/Users/Divij Pherwani/AppData/Roaming/TinyTeX/texmf-dist/tex/latex/xcolor/xc
olor.sty
Package: xcolor 2016/05/11 v2.12 LaTeX color extensions (UK)

(c:/Users/Divij Pherwani/AppData/Roaming/TinyTeX/texmf-dist/tex/latex/graphics-
cfg/color.cfg
File: color.cfg 2016/01/02 v1.6 sample color configuration
)
Package xcolor Info: Driver file: pdftex.def on input line 225.
Package xcolor Info: Model `cmy' substituted by `cmy0' on input line 1348.
Package xcolor Info: Model `hsb' substituted by `rgb' on input line 1352.
Package xcolor Info: Model `RGB' extended on input line 1364.
Package xcolor Info: Model `HTML' substituted by `rgb' on input line 1366.
Package xcolor Info: Model `Hsb' substituted by `hsb' on input line 1367.
Package xcolor Info: Model `tHsb' substituted by `hsb' on input line 1368.
Package xcolor Info: Model `HSB' substituted by `hsb' on input line 1369.
Package xcolor Info: Model `Gray' substituted by `gray' on input line 1370.
Package xcolor Info: Model `wave' substituted by `hsb' on input line 1371.
)
(c:/Users/Divij Pherwani/AppData/Roaming/TinyTeX/texmf-dist/tex/generic/pgf/bas
iclayer/pgfcore.code.tex
Package: pgfcore 2020/12/27 v3.1.8b (3.1.8b)

(c:/Users/Divij Pherwani/AppData/Roaming/TinyTeX/texmf-dist/tex/generic/pgf/mat
h/pgfmath.code.tex
(c:/Users/Divij Pherwani/AppData/Roaming/TinyTeX/texmf-dist/tex/generic/pgf/mat
h/pgfmathcalc.code.tex
(c:/Users/Divij Pherwani/AppData/Roaming/TinyTeX/texmf-dist/tex/generic/pgf/mat
h/pgfmathutil.code.tex)
(c:/Users/Divij Pherwani/AppData/Roaming/TinyTeX/texmf-dist/tex/generic/pgf/mat
h/pgfmathparser.code.tex
\pgfmath@dimen=\dimen153
\pgfmath@count=\count194
\pgfmath@box=\box48
\pgfmath@toks=\toks23
\pgfmath@stack@operand=\toks24
\pgfmath@stack@operation=\toks25
)
(c:/Users/Divij Pherwani/AppData/Roaming/TinyTeX/texmf-dist/tex/generic/pgf/mat
h/pgfmathfunctions.code.tex
(c:/Users/Divij Pherwani/AppData/Roaming/TinyTeX/texmf-dist/tex/generic/pgf/mat
h/pgfmathfunctions.basic.code.tex)
(c:/Users/Divij Pherwani/AppData/Roaming/TinyTeX/texmf-dist/tex/generic/pgf/mat
h/pgfmathfunctions.trigonometric.code.tex)
(c:/Users/Divij Pherwani/AppData/Roaming/TinyTeX/texmf-dist/tex/generic/pgf/mat
h/pgfmathfunctions.random.code.tex)
(c:/Users/Divij Pherwani/AppData/Roaming/TinyTeX/texmf-dist/tex/generic/pgf/mat
h/pgfmathfunctions.comparison.code.tex)
(c:/Users/Divij Pherwani/AppData/Roaming/TinyTeX/texmf-dist/tex/generic/pgf/mat
h/pgfmathfunctions.base.code.tex)
(c:/Users/Divij Pherwani/AppData/Roaming/TinyTeX/texmf-dist/tex/generic/pgf/mat
h/pgfmathfunctions.round.code.tex)
(c:/Users/Divij Pherwani/AppData/Roaming/TinyTeX/texmf-dist/tex/generic/pgf/mat
h/pgfmathfunctions.misc.code.tex)
(c:/Users/Divij Pherwani/AppData/Roaming/TinyTeX/texmf-dist/tex/generic/pgf/mat
h/pgfmathfunctions.integerarithmetics.code.tex)))
(c:/Users/Divij Pherwani/AppData/Roaming/TinyTeX/texmf-dist/tex/generic/pgf/mat
h/pgfmathfloat.code.tex
\c@pgfmathroundto@lastzeros=\count195
))
(c:/Users/Divij Pherwani/AppData/Roaming/TinyTeX/texmf-dist/tex/generic/pgf/mat
h/pgfint.code.tex)
(c:/Users/Divij Pherwani/AppData/Roaming/TinyTeX/texmf-dist/tex/generic/pgf/bas
iclayer/pgfcorepoints.code.tex
File: pgfcorepoints.code.tex 2020/12/27 v3.1.8b (3.1.8b)
\pgf@picminx=\dimen154
\pgf@picmaxx=\dimen155
\pgf@picminy=\dimen156
\pgf@picmaxy=\dimen157
\pgf@pathminx=\dimen158
\pgf@pathmaxx=\dimen159
\pgf@pathminy=\dimen160
\pgf@pathmaxy=\dimen161
\pgf@xx=\dimen162
\pgf@xy=\dimen163
\pgf@yx=\dimen164
\pgf@yy=\dimen165
\pgf@zx=\dimen166
\pgf@zy=\dimen167
)
(c:/Users/Divij Pherwani/AppData/Roaming/TinyTeX/texmf-dist/tex/generic/pgf/bas
iclayer/pgfcorepathconstruct.code.tex
File: pgfcorepathconstruct.code.tex 2020/12/27 v3.1.8b (3.1.8b)
\pgf@path@lastx=\dimen168
\pgf@path@lasty=\dimen169
)
(c:/Users/Divij Pherwani/AppData/Roaming/TinyTeX/texmf-dist/tex/generic/pgf/bas
iclayer/pgfcorepathusage.code.tex
File: pgfcorepathusage.code.tex 2020/12/27 v3.1.8b (3.1.8b)
\pgf@shorten@end@additional=\dimen170
\pgf@shorten@start@additional=\dimen171
)
(c:/Users/Divij Pherwani/AppData/Roaming/TinyTeX/texmf-dist/tex/generic/pgf/bas
iclayer/pgfcorescopes.code.tex
File: pgfcorescopes.code.tex 2020/12/27 v3.1.8b (3.1.8b)
\pgfpic=\box49
\pgf@hbox=\box50
\pgf@layerbox@main=\box51
\pgf@picture@serial@count=\count196
)
(c:/Users/Divij Pherwani/AppData/Roaming/TinyTeX/texmf-dist/tex/generic/pgf/bas
iclayer/pgfcoregraphicstate.code.tex
File: pgfcoregraphicstate.code.tex 2020/12/27 v3.1.8b (3.1.8b)
\pgflinewidth=\dimen172
)
(c:/Users/Divij Pherwani/AppData/Roaming/TinyTeX/texmf-dist/tex/generic/pgf/bas
iclayer/pgfcoretransformations.code.tex
File: pgfcoretransformations.code.tex 2020/12/27 v3.1.8b (3.1.8b)
\pgf@pt@x=\dimen173
\pgf@pt@y=\dimen174
\pgf@pt@temp=\dimen175
)
(c:/Users/Divij Pherwani/AppData/Roaming/TinyTeX/texmf-dist/tex/generic/pgf/bas
iclayer/pgfcorequick.code.tex
File: pgfcorequick.code.tex 2020/12/27 v3.1.8b (3.1.8b)
)
(c:/Users/Divij Pherwani/AppData/Roaming/TinyTeX/texmf-dist/tex/generic/pgf/bas
iclayer/pgfcoreobjects.code.tex
File: pgfcoreobjects.code.tex 2020/12/27 v3.1.8b (3.1.8b)
)
(c:/Users/Divij Pherwani/AppData/Roaming/TinyTeX/texmf-dist/tex/generic/pgf/bas
iclayer/pgfcorepathprocessing.code.tex
File: pgfcorepathprocessing.code.tex 2020/12/27 v3.1.8b (3.1.8b)
)
(c:/Users/Divij Pherwani/AppData/Roaming/TinyTeX/texmf-dist/tex/generic/pgf/bas
iclayer/pgfcorearrows.code.tex
File: pgfcorearrows.code.tex 2020/12/27 v3.1.8b (3.1.8b)
\pgfarrowsep=\dimen176
)
(c:/Users/Divij Pherwani/AppData/Roaming/TinyTeX/texmf-dist/tex/generic/pgf/bas
iclayer/pgfcoreshade.code.tex
File: pgfcoreshade.code.tex 2020/12/27 v3.1.8b (3.1.8b)
\pgf@max=\dimen177
\pgf@sys@shading@range@num=\count197
\pgf@shadingcount=\count198
)
(c:/Users/Divij Pherwani/AppData/Roaming/TinyTeX/texmf-dist/tex/generic/pgf/bas
iclayer/pgfcoreimage.code.tex
File: pgfcoreimage.code.tex 2020/12/27 v3.1.8b (3.1.8b)

(c:/Users/Divij Pherwani/AppData/Roaming/TinyTeX/texmf-dist/tex/generic/pgf/bas
iclayer/pgfcoreexternal.code.tex
File: pgfcoreexternal.code.tex 2020/12/27 v3.1.8b (3.1.8b)
\pgfexternal@startupbox=\box52
))
(c:/Users/Divij Pherwani/AppData/Roaming/TinyTeX/texmf-dist/tex/generic/pgf/bas
iclayer/pgfcorelayers.code.tex
File: pgfcorelayers.code.tex 2020/12/27 v3.1.8b (3.1.8b)
)
(c:/Users/Divij Pherwani/AppData/Roaming/TinyTeX/texmf-dist/tex/generic/pgf/bas
iclayer/pgfcoretransparency.code.tex
File: pgfcoretransparency.code.tex 2020/12/27 v3.1.8b (3.1.8b)
)
(c:/Users/Divij Pherwani/AppData/Roaming/TinyTeX/texmf-dist/tex/generic/pgf/bas
iclayer/pgfcorepatterns.code.tex
File: pgfcorepatterns.code.tex 2020/12/27 v3.1.8b (3.1.8b)
)
(c:/Users/Divij Pherwani/AppData/Roaming/TinyTeX/texmf-dist/tex/generic/pgf/bas
iclayer/pgfcorerdf.code.tex
File: pgfcorerdf.code.tex 2020/12/27 v3.1.8b (3.1.8b)
)))
(c:/Users/Divij Pherwani/AppData/Roaming/TinyTeX/texmf-dist/tex/latex/tools/cal
c.sty
Package: calc 2017/05/25 v4.3 Infix arithmetic (KKT,FJ)
\calc@Acount=\count199
\calc@Bcount=\count266
\calc@Adimen=\dimen178
\calc@Bdimen=\dimen179
\calc@Askip=\skip49
\calc@Bskip=\skip50
LaTeX Info: Redefining \setlength on input line 80.
LaTeX Info: Redefining \addtolength on input line 81.
\calc@Ccount=\count267
\calc@Cskip=\skip51
)
\pgf@logicalpages=\count268
\pgf@firstshipout=\count269
\pgf@lastshipout=\count270
\pgf@currentshipout=\count271
\pgf@cpn=\count272
\pgf@shipoutnextto=\count273
\pgfphysicalheight=\dimen180
\pgfphysicalwidth=\dimen181
\pgfpages@shipoutbox=\box53
)
! Undefined control sequence.
<recently read> \setbeamertemplate 
                                   
l.10 \setbeamertemplate
                       {caption}[numbered] 
Here is how much of TeX's memory you used:
 8135 strings out of 480954
 166430 string characters out of 5905050
 426012 words of memory out of 5000000
 25271 multiletter control sequences out of 15000+600000
 403730 words of font info for 28 fonts, out of 8000000 for 9000
 14 hyphenation exceptions out of 8191
 98i,0n,102p,430b,81s stack positions out of 5000i,500n,10000p,200000b,80000s

!  ==> Fatal error occurred, no output PDF file produced!
